This is pdfTeX, Version 3.14159265-2.6-1.40.18 (TeX Live 2017/Arch Linux) (preloaded format=pdflatex 2017.12.21)  26 JAN 2018 19:04
entering extended mode
 restricted \write18 enabled.
 %&-line parsing enabled.
**uni.bib
(./uni.bib
LaTeX2e <2017-04-15>
Babel <3.15> and hyphenation patterns for 84 language(s) loaded.

! LaTeX Error: Missing \begin{document}.

See the LaTeX manual or LaTeX Companion for explanation.
Type  H <return>  for immediate help.
 ...                                              
                                                  
l.1 @
     misc{website:unity-manual,
? 
! Interruption.
\GenericError  ...                                
                                                  \endgroup 
l.1 @
     misc{website:unity-manual,
? exit
 
Here is how much of TeX's memory you used:
 6 strings out of 492985
 126 string characters out of 6138637
 54187 words of memory out of 5000000
 3668 multiletter control sequences out of 15000+600000
 3640 words of font info for 14 fonts, out of 8000000 for 9000
 1141 hyphenation exceptions out of 8191
 5i,0n,4p,42b,14s stack positions out of 5000i,500n,10000p,200000b,80000s
No pages of output.
PDF statistics:
 0 PDF objects out of 1000 (max. 8388607)
 0 named destinations out of 1000 (max. 500000)
 1 words of extra memory for PDF output out of 10000 (max. 10000000)

